1753077015253315,3,0,1,1: init-reward-model,B
1753077017871431,3,0,1,1: init-reward-model,E
1753077120295211,3,0,1,1: init-reward-model,B
1753077123296651,3,0,1,1: init-reward-model,E
1753077150151944,3,0,1,2: init-reward-model,B
1753077153050297,3,0,1,2: init-reward-model,E
1753077167840945,3,0,1,1: reward-forward,B
1753077168336169,3,0,1,1: reward-forward,E
1753077168336433,3,0,1,1: reward-forward,B
1753077168891832,3,0,1,1: reward-forward,E
1753077168892022,3,0,1,1: reward-forward,B
1753077169040921,3,0,1,1: reward-forward,E
1753077169166729,3,0,1,1: reward-forward,B
1753077169321214,3,0,1,1: reward-forward,E
1753077169451592,3,0,1,1: reward-forward,B
1753077169588915,3,0,1,1: reward-forward,E
1753077169704645,3,0,1,1: reward-forward,B
1753077169861547,3,0,1,1: reward-forward,E
1753077169996512,3,0,1,1: reward-forward,B
1753077170146964,3,0,1,1: reward-forward,E
1753077170274927,3,0,1,1: reward-forward,B
1753077170409612,3,0,1,1: reward-forward,E
1753077177719610,3,0,1,2: reward-forward,B
1753077178219953,3,0,1,2: reward-forward,E
1753077178220257,3,0,1,2: reward-forward,B
1753077178766879,3,0,1,2: reward-forward,E
1753077178784728,3,0,1,2: reward-forward,B
1753077178923506,3,0,1,2: reward-forward,E
1753077179037940,3,0,1,2: reward-forward,B
1753077179172398,3,0,1,2: reward-forward,E
1753077179277484,3,0,1,2: reward-forward,B
1753077179430778,3,0,1,2: reward-forward,E
1753077179562471,3,0,1,2: reward-forward,B
1753077179691644,3,0,1,2: reward-forward,E
1753077179796643,3,0,1,2: reward-forward,B
1753077179936707,3,0,1,2: reward-forward,E
1753077180054743,3,0,1,2: reward-forward,B
1753077180213289,3,0,1,2: reward-forward,E
1753077197361846,3,0,1,1: reward-forward,B
1753077197509276,3,0,1,1: reward-forward,E
1753077197634097,3,0,1,1: reward-forward,B
1753077197781190,3,0,1,1: reward-forward,E
1753077197906421,3,0,1,1: reward-forward,B
1753077198042584,3,0,1,1: reward-forward,E
1753077198156453,3,0,1,1: reward-forward,B
1753077198295589,3,0,1,1: reward-forward,E
1753077198412281,3,0,1,1: reward-forward,B
1753077198570890,3,0,1,1: reward-forward,E
1753077198707870,3,0,1,1: reward-forward,B
1753077198855478,3,0,1,1: reward-forward,E
1753077198980099,3,0,1,1: reward-forward,B
1753077199127108,3,0,1,1: reward-forward,E
1753077199252519,3,0,1,1: reward-forward,B
1753077199398998,3,0,1,1: reward-forward,E
1753077213117248,3,0,1,2: reward-forward,B
1753077213247972,3,0,1,2: reward-forward,E
1753077213352785,3,0,1,2: reward-forward,B
1753077213503773,3,0,1,2: reward-forward,E
1753077213632007,3,0,1,2: reward-forward,B
1753077213779601,3,0,1,2: reward-forward,E
1753077213905613,3,0,1,2: reward-forward,B
1753077214038890,3,0,1,2: reward-forward,E
1753077214144737,3,0,1,2: reward-forward,B
1753077214280477,3,0,1,2: reward-forward,E
1753077214394345,3,0,1,2: reward-forward,B
1753077214528708,3,0,1,2: reward-forward,E
1753077214641250,3,0,1,2: reward-forward,B
1753077214777737,3,0,1,2: reward-forward,E
1753077214892118,3,0,1,2: reward-forward,B
1753077215022361,3,0,1,2: reward-forward,E
1753077223724912,3,0,1,1: reward-forward,B
1753077223859137,3,0,1,1: reward-forward,E
1753077223964949,3,0,1,1: reward-forward,B
1753077224114632,3,0,1,1: reward-forward,E
1753077224241854,3,0,1,1: reward-forward,B
1753077224371670,3,0,1,1: reward-forward,E
1753077224476016,3,0,1,1: reward-forward,B
1753077224623705,3,0,1,1: reward-forward,E
1753077224749029,3,0,1,1: reward-forward,B
1753077224898897,3,0,1,1: reward-forward,E
1753077225027206,3,0,1,1: reward-forward,B
1753077225164644,3,0,1,1: reward-forward,E
1753077225279049,3,0,1,1: reward-forward,B
1753077225430906,3,0,1,1: reward-forward,E
1753077225561244,3,0,1,1: reward-forward,B
1753077225697413,3,0,1,1: reward-forward,E
1753077233291785,3,0,1,2: reward-forward,B
1753077233440348,3,0,1,2: reward-forward,E
1753077233566571,3,0,1,2: reward-forward,B
1753077233713004,3,0,1,2: reward-forward,E
1753077233837438,3,0,1,2: reward-forward,B
1753077233976782,3,0,1,2: reward-forward,E
1753077233976968,3,0,1,2: reward-forward,B
1753077234124307,3,0,1,2: reward-forward,E
1753077234250089,3,0,1,2: reward-forward,B
1753077234395794,3,0,1,2: reward-forward,E
1753077234519706,3,0,1,2: reward-forward,B
1753077234671015,3,0,1,2: reward-forward,E
1753077234800666,3,0,1,2: reward-forward,B
1753077234906493,3,0,1,2: reward-forward,E
1753077234960020,3,0,1,2: reward-forward,B
1753077235140077,3,0,1,2: reward-forward,E
1753077246093153,3,0,1,1: reward-forward,B
1753077246228760,3,0,1,1: reward-forward,E
1753077246341249,3,0,1,1: reward-forward,B
1753077246487690,3,0,1,1: reward-forward,E
1753077246611741,3,0,1,1: reward-forward,B
1753077246730291,3,0,1,1: reward-forward,E
1753077246826502,3,0,1,1: reward-forward,B
1753077246967442,3,0,1,1: reward-forward,E
1753077247086578,3,0,1,1: reward-forward,B
1753077247239293,3,0,1,1: reward-forward,E
1753077247370239,3,0,1,1: reward-forward,B
1753077247521528,3,0,1,1: reward-forward,E
1753077247651037,3,0,1,1: reward-forward,B
1753077247786713,3,0,1,1: reward-forward,E
1753077247895508,3,0,1,1: reward-forward,B
1753077248040932,3,0,1,1: reward-forward,E
1753077256516306,3,0,1,2: reward-forward,B
1753077256668517,3,0,1,2: reward-forward,E
1753077256798403,3,0,1,2: reward-forward,B
1753077256951923,3,0,1,2: reward-forward,E
1753077257083870,3,0,1,2: reward-forward,B
1753077257216906,3,0,1,2: reward-forward,E
1753077257325153,3,0,1,2: reward-forward,B
1753077257467777,3,0,1,2: reward-forward,E
1753077257587208,3,0,1,2: reward-forward,B
1753077257739198,3,0,1,2: reward-forward,E
1753077257869434,3,0,1,2: reward-forward,B
1753077258005200,3,0,1,2: reward-forward,E
1753077258114082,3,0,1,2: reward-forward,B
1753077258270583,3,0,1,2: reward-forward,E
1753077258405380,3,0,1,2: reward-forward,B
1753077258551843,3,0,1,2: reward-forward,E
1753077265943774,3,0,1,1: reward-forward,B
1753077266097732,3,0,1,1: reward-forward,E
1753077266229587,3,0,1,1: reward-forward,B
1753077266348323,3,0,1,1: reward-forward,E
1753077266444635,3,0,1,1: reward-forward,B
1753077266551075,3,0,1,1: reward-forward,E
1753077266617127,3,0,1,1: reward-forward,B
1753077266769066,3,0,1,1: reward-forward,E
1753077266899397,3,0,1,1: reward-forward,B
1753077267035381,3,0,1,1: reward-forward,E
1753077267149551,3,0,1,1: reward-forward,B
1753077267295476,3,0,1,1: reward-forward,E
1753077267419809,3,0,1,1: reward-forward,B
1753077267567320,3,0,1,1: reward-forward,E
1753077267693298,3,0,1,1: reward-forward,B
1753077267826496,3,0,1,1: reward-forward,E
1753077278729184,3,0,1,2: reward-forward,B
1753077278860444,3,0,1,2: reward-forward,E
1753077278965517,3,0,1,2: reward-forward,B
1753077279148341,3,0,1,2: reward-forward,E
1753077279148539,3,0,1,2: reward-forward,B
1753077279283500,3,0,1,2: reward-forward,E
1753077279396938,3,0,1,2: reward-forward,B
1753077279544001,3,0,1,2: reward-forward,E
1753077279669357,3,0,1,2: reward-forward,B
1753077279807269,3,0,1,2: reward-forward,E
1753077279923681,3,0,1,2: reward-forward,B
1753077280075385,3,0,1,2: reward-forward,E
1753077280205905,3,0,1,2: reward-forward,B
1753077280354821,3,0,1,2: reward-forward,E
1753077280481979,3,0,1,2: reward-forward,B
1753077280630254,3,0,1,2: reward-forward,E
1753077288265205,3,0,1,1: reward-forward,B
1753077288412926,3,0,1,1: reward-forward,E
1753077288538611,3,0,1,1: reward-forward,B
1753077288692054,3,0,1,1: reward-forward,E
1753077288824298,3,0,1,1: reward-forward,B
1753077288938632,3,0,1,1: reward-forward,E
1753077289025535,3,0,1,1: reward-forward,B
1753077289154992,3,0,1,1: reward-forward,E
1753077289260169,3,0,1,1: reward-forward,B
1753077289397243,3,0,1,1: reward-forward,E
1753077289513136,3,0,1,1: reward-forward,B
1753077289623327,3,0,1,1: reward-forward,E
1753077289664703,3,0,1,1: reward-forward,B
1753077289812843,3,0,1,1: reward-forward,E
1753077289939334,3,0,1,1: reward-forward,B
1753077290076024,3,0,1,1: reward-forward,E
1753077300524722,3,0,1,2: reward-forward,B
1753077300662928,3,0,1,2: reward-forward,E
1753077300778412,3,0,1,2: reward-forward,B
1753077300928422,3,0,1,2: reward-forward,E
1753077301056710,3,0,1,2: reward-forward,B
1753077301207145,3,0,1,2: reward-forward,E
1753077301335859,3,0,1,2: reward-forward,B
1753077301468754,3,0,1,2: reward-forward,E
1753077301577325,3,0,1,2: reward-forward,B
1753077301714202,3,0,1,2: reward-forward,E
1753077301829837,3,0,1,2: reward-forward,B
1753077301958965,3,0,1,2: reward-forward,E
1753077302063719,3,0,1,2: reward-forward,B
1753077302215698,3,0,1,2: reward-forward,E
1753077302346073,3,0,1,2: reward-forward,B
1753077302494489,3,0,1,2: reward-forward,E
1753077310308780,3,0,1,1: reward-forward,B
1753077310417382,3,0,1,1: reward-forward,E
1753077310439087,3,0,1,1: reward-forward,B
1753077310566087,3,0,1,1: reward-forward,E
1753077310668524,3,0,1,1: reward-forward,B
1753077310814647,3,0,1,1: reward-forward,E
1753077310939062,3,0,1,1: reward-forward,B
1753077311061432,3,0,1,1: reward-forward,E
1753077311161607,3,0,1,1: reward-forward,B
1753077311270013,3,0,1,1: reward-forward,E
1753077311353193,3,0,1,1: reward-forward,B
1753077311485950,3,0,1,1: reward-forward,E
1753077311594200,3,0,1,1: reward-forward,B
1753077311746102,3,0,1,1: reward-forward,E
1753077311876732,3,0,1,1: reward-forward,B
1753077312014734,3,0,1,1: reward-forward,E
