1753077015251822,2,0,1,1: init-reference-model,B
1753077018306218,2,0,1,1: init-reference-model,E
1753077120293913,2,0,1,1: init-reference-model,B
1753077123565614,2,0,1,1: init-reference-model,E
1753077150150950,2,0,1,2: init-reference-model,B
1753077153339271,2,0,1,2: init-reference-model,E
1753077167854890,2,0,1,1: ref-forward,B
1753077168614738,2,0,1,1: ref-forward,E
1753077168617003,2,0,1,1: ref-forward,B
1753077169165716,2,0,1,1: ref-forward,E
1753077169188488,2,0,1,1: ref-forward,B
1753077169337878,2,0,1,1: ref-forward,E
1753077169482098,2,0,1,1: ref-forward,B
1753077169638638,2,0,1,1: ref-forward,E
1753077169787078,2,0,1,1: ref-forward,B
1753077169924778,2,0,1,1: ref-forward,E
1753077170059283,2,0,1,1: ref-forward,B
1753077170218496,2,0,1,1: ref-forward,E
1753077170372292,2,0,1,1: ref-forward,B
1753077170523079,2,0,1,1: ref-forward,E
1753077170670007,2,0,1,1: ref-forward,B
1753077170804863,2,0,1,1: ref-forward,E
1753077177743055,2,0,1,2: ref-forward,B
1753077178398578,2,0,1,2: ref-forward,E
1753077178400671,2,0,1,2: ref-forward,B
1753077179019975,2,0,1,2: ref-forward,E
1753077179055788,2,0,1,2: ref-forward,B
1753077179194528,2,0,1,2: ref-forward,E
1753077179327127,2,0,1,2: ref-forward,B
1753077179567062,2,0,1,2: ref-forward,E
1753077179585393,2,0,1,2: ref-forward,B
1753077179740275,2,0,1,2: ref-forward,E
1753077179889965,2,0,1,2: ref-forward,B
1753077180019791,2,0,1,2: ref-forward,E
1753077180143093,2,0,1,2: ref-forward,B
1753077180402516,2,0,1,2: ref-forward,E
1753077180420713,2,0,1,2: ref-forward,B
1753077180580767,2,0,1,2: ref-forward,E
1753077197368534,2,0,1,1: ref-forward,B
1753077197516491,2,0,1,1: ref-forward,E
1753077197659300,2,0,1,1: ref-forward,B
1753077197806738,2,0,1,1: ref-forward,E
1753077197950020,2,0,1,1: ref-forward,B
1753077198086428,2,0,1,1: ref-forward,E
1753077198218852,2,0,1,1: ref-forward,B
1753077198358811,2,0,1,1: ref-forward,E
1753077198495216,2,0,1,1: ref-forward,B
1753077198656277,2,0,1,1: ref-forward,E
1753077198812091,2,0,1,1: ref-forward,B
1753077198958583,2,0,1,1: ref-forward,E
1753077199102602,2,0,1,1: ref-forward,B
1753077199249718,2,0,1,1: ref-forward,E
1753077199393122,2,0,1,1: ref-forward,B
1753077199540276,2,0,1,1: ref-forward,E
1753077213124881,2,0,1,2: ref-forward,B
1753077213255401,2,0,1,2: ref-forward,E
1753077213378523,2,0,1,2: ref-forward,B
1753077213529579,2,0,1,2: ref-forward,E
1753077213676242,2,0,1,2: ref-forward,B
1753077213824352,2,0,1,2: ref-forward,E
1753077213968611,2,0,1,2: ref-forward,B
1753077214101904,2,0,1,2: ref-forward,E
1753077214226145,2,0,1,2: ref-forward,B
1753077214362293,2,0,1,2: ref-forward,E
1753077214494588,2,0,1,2: ref-forward,B
1753077214629897,2,0,1,2: ref-forward,E
1753077214760189,2,0,1,2: ref-forward,B
1753077214897586,2,0,1,2: ref-forward,E
1753077215030399,2,0,1,2: ref-forward,B
1753077215161581,2,0,1,2: ref-forward,E
1753077223733643,2,0,1,1: ref-forward,B
1753077223868589,2,0,1,1: ref-forward,E
1753077223993011,2,0,1,1: ref-forward,B
1753077224142321,2,0,1,1: ref-forward,E
1753077224288225,2,0,1,1: ref-forward,B
1753077224523375,2,0,1,1: ref-forward,E
1753077224541184,2,0,1,1: ref-forward,B
1753077224688914,2,0,1,1: ref-forward,E
1753077224832940,2,0,1,1: ref-forward,B
1753077224982900,2,0,1,1: ref-forward,E
1753077225129822,2,0,1,1: ref-forward,B
1753077225267409,2,0,1,1: ref-forward,E
1753077225398599,2,0,1,1: ref-forward,B
1753077225550767,2,0,1,1: ref-forward,E
1753077225700164,2,0,1,1: ref-forward,B
1753077225837473,2,0,1,1: ref-forward,E
1753077233295577,2,0,1,2: ref-forward,B
1753077233444742,2,0,1,2: ref-forward,E
1753077233589155,2,0,1,2: ref-forward,B
1753077233736057,2,0,1,2: ref-forward,E
1753077233878077,2,0,1,2: ref-forward,B
1753077233993152,2,0,1,2: ref-forward,E
1753077234029590,2,0,1,2: ref-forward,B
1753077234177522,2,0,1,2: ref-forward,E
1753077234321795,2,0,1,2: ref-forward,B
1753077234467861,2,0,1,2: ref-forward,E
1753077234609888,2,0,1,2: ref-forward,B
1753077234761489,2,0,1,2: ref-forward,E
1753077234909899,2,0,1,2: ref-forward,B
1753077235014350,2,0,1,2: ref-forward,E
1753077235081710,2,0,1,2: ref-forward,B
1753077235191112,2,0,1,2: ref-forward,E
1753077246101203,2,0,1,1: ref-forward,B
1753077246238092,2,0,1,1: ref-forward,E
1753077246368705,2,0,1,1: ref-forward,B
1753077246515168,2,0,1,1: ref-forward,E
1753077246657304,2,0,1,1: ref-forward,B
1753077246776525,2,0,1,1: ref-forward,E
1753077246890191,2,0,1,1: ref-forward,B
1753077247031526,2,0,1,1: ref-forward,E
1753077247169823,2,0,1,1: ref-forward,B
1753077247322911,2,0,1,1: ref-forward,E
1753077247473251,2,0,1,1: ref-forward,B
1753077247624978,2,0,1,1: ref-forward,E
1753077247773237,2,0,1,1: ref-forward,B
1753077247909007,2,0,1,1: ref-forward,E
1753077248036900,2,0,1,1: ref-forward,B
1753077248144303,2,0,1,1: ref-forward,E
1753077256527790,2,0,1,2: ref-forward,B
1753077256681496,2,0,1,2: ref-forward,E
1753077256829783,2,0,1,2: ref-forward,B
1753077256983354,2,0,1,2: ref-forward,E
1753077257134427,2,0,1,2: ref-forward,B
1753077257267696,2,0,1,2: ref-forward,E
1753077257394718,2,0,1,2: ref-forward,B
1753077257536473,2,0,1,2: ref-forward,E
1753077257674722,2,0,1,2: ref-forward,B
1753077257827297,2,0,1,2: ref-forward,E
1753077257976730,2,0,1,2: ref-forward,B
1753077258113019,2,0,1,2: ref-forward,E
1753077258241506,2,0,1,2: ref-forward,B
1753077258398488,2,0,1,2: ref-forward,E
1753077258552785,2,0,1,2: ref-forward,B
1753077258699725,2,0,1,2: ref-forward,E
1753077265953397,2,0,1,1: ref-forward,B
1753077266108436,2,0,1,1: ref-forward,E
1753077266259410,2,0,1,1: ref-forward,B
1753077266378830,2,0,1,1: ref-forward,E
1753077266491189,2,0,1,1: ref-forward,B
1753077266596620,2,0,1,1: ref-forward,E
1753077266677522,2,0,1,1: ref-forward,B
1753077266829877,2,0,1,1: ref-forward,E
1753077266979333,2,0,1,1: ref-forward,B
1753077267116302,2,0,1,1: ref-forward,E
1753077267249915,2,0,1,1: ref-forward,B
1753077267396103,2,0,1,1: ref-forward,E
1753077267538205,2,0,1,1: ref-forward,B
1753077267686132,2,0,1,1: ref-forward,E
1753077267830702,2,0,1,1: ref-forward,B
1753077267964283,2,0,1,1: ref-forward,E
1753077278741796,2,0,1,2: ref-forward,B
1753077278872965,2,0,1,2: ref-forward,E
1753077278996237,2,0,1,2: ref-forward,B
1753077279102297,2,0,1,2: ref-forward,E
1753077279192483,2,0,1,2: ref-forward,B
1753077279328116,2,0,1,2: ref-forward,E
1753077279459409,2,0,1,2: ref-forward,B
1753077279606912,2,0,1,2: ref-forward,E
1753077279750828,2,0,1,2: ref-forward,B
1753077279889384,2,0,1,2: ref-forward,E
1753077280024514,2,0,1,2: ref-forward,B
1753077280176754,2,0,1,2: ref-forward,E
1753077280326357,2,0,1,2: ref-forward,B
1753077280475889,2,0,1,2: ref-forward,E
1753077280621713,2,0,1,2: ref-forward,B
1753077280770057,2,0,1,2: ref-forward,E
1753077288277079,2,0,1,1: ref-forward,B
1753077288426080,2,0,1,1: ref-forward,E
1753077288570063,2,0,1,1: ref-forward,B
1753077288724083,2,0,1,1: ref-forward,E
1753077288875258,2,0,1,1: ref-forward,B
1753077288989918,2,0,1,1: ref-forward,E
1753077289093681,2,0,1,1: ref-forward,B
1753077289223548,2,0,1,1: ref-forward,E
1753077289346925,2,0,1,1: ref-forward,B
1753077289484675,2,0,1,1: ref-forward,E
1753077289619330,2,0,1,1: ref-forward,B
1753077289729086,2,0,1,1: ref-forward,E
1753077289783591,2,0,1,1: ref-forward,B
1753077289932610,2,0,1,1: ref-forward,E
1753077290077846,2,0,1,1: ref-forward,B
1753077290215566,2,0,1,1: ref-forward,E
1753077300535667,2,0,1,2: ref-forward,B
1753077300675384,2,0,1,2: ref-forward,E
1753077300808869,2,0,1,2: ref-forward,B
1753077300959132,2,0,1,2: ref-forward,E
1753077301106026,2,0,1,2: ref-forward,B
1753077301257006,2,0,1,2: ref-forward,E
1753077301404452,2,0,1,2: ref-forward,B
1753077301537671,2,0,1,2: ref-forward,E
1753077301664649,2,0,1,2: ref-forward,B
1753077301802115,2,0,1,2: ref-forward,E
1753077301936265,2,0,1,2: ref-forward,B
1753077302066057,2,0,1,2: ref-forward,E
1753077302189843,2,0,1,2: ref-forward,B
1753077302342718,2,0,1,2: ref-forward,E
1753077302491836,2,0,1,2: ref-forward,B
1753077302640782,2,0,1,2: ref-forward,E
1753077310317678,2,0,1,1: ref-forward,B
1753077310426464,2,0,1,1: ref-forward,E
1753077310460538,2,0,1,1: ref-forward,B
1753077310588045,2,0,1,1: ref-forward,E
1753077310708862,2,0,1,1: ref-forward,B
1753077310855375,2,0,1,1: ref-forward,E
1753077310999041,2,0,1,1: ref-forward,B
1753077311122370,2,0,1,1: ref-forward,E
1753077311239205,2,0,1,1: ref-forward,B
1753077311348222,2,0,1,1: ref-forward,E
1753077311447592,2,0,1,1: ref-forward,B
1753077311580432,2,0,1,1: ref-forward,E
1753077311707718,2,0,1,1: ref-forward,B
1753077311860140,2,0,1,1: ref-forward,E
1753077312009748,2,0,1,1: ref-forward,B
1753077312148110,2,0,1,1: ref-forward,E
