1753077089477540,-1,0,1,m-1: init-<openrlhf.trainer.ray.ppo_actor.ActorClass(PolicyModelActor) object at 0x150eaa0fcc70>,B
1753077089489317,-1,0,1,m-1: init-<openrlhf.trainer.ray.ppo_actor.ActorClass(PolicyModelActor) object at 0x150eaa0fcc70>,E
1753077090877512,-1,0,1,m-1: init-engine,B
1753077090884833,-1,0,1,m-1: init-engine,E
1753077090885159,-1,0,1,m-1: init-<openrlhf.trainer.ray.launcher.ActorClass(ReferenceModelActor) object at 0x150eb68144f0>,B
1753077090891948,-1,0,1,m-1: init-<openrlhf.trainer.ray.launcher.ActorClass(ReferenceModelActor) object at 0x150eb68144f0>,E
1753077090892003,-1,0,1,m-1: init-<openrlhf.trainer.ray.launcher.ActorClass(RewardModelActor) object at 0x150eb6814c70>,B
1753077090898637,-1,0,1,m-1: init-<openrlhf.trainer.ray.launcher.ActorClass(RewardModelActor) object at 0x150eb6814c70>,E
1753077090898686,-1,0,1,m-1: init-trainer,B
1753077120288637,-1,0,1,m-1: init-trainer,E
1753077120288716,-1,0,1,m-1: init-model,B
1753077120290066,-1,0,1,m-2: init-<openrlhf.trainer.ray.ppo_actor.ActorClass(PolicyModelActor) object at 0x150eaa0fcc70>,B
1753077120290580,-1,0,1,m-2: init-<openrlhf.trainer.ray.ppo_actor.ActorClass(PolicyModelActor) object at 0x150eaa0fcc70>,E
1753077120290632,-1,0,1,m-2: init-engine,B
1753077120291091,-1,0,1,m-2: init-engine,E
1753077120291258,-1,0,1,m-2: init-<openrlhf.trainer.ray.launcher.ActorClass(ReferenceModelActor) object at 0x150eb68144f0>,B
1753077120292007,-1,0,1,m-2: init-<openrlhf.trainer.ray.launcher.ActorClass(ReferenceModelActor) object at 0x150eb68144f0>,E
1753077120292068,-1,0,1,m-2: init-<openrlhf.trainer.ray.launcher.ActorClass(RewardModelActor) object at 0x150eb6814c70>,B
1753077120292423,-1,0,1,m-2: init-<openrlhf.trainer.ray.launcher.ActorClass(RewardModelActor) object at 0x150eb6814c70>,E
1753077120292460,-1,0,1,m-2: init-trainer,B
1753077150146028,-1,0,1,m-2: init-trainer,E
1753077150146117,-1,0,1,m-2: init-model,B
1753077150147704,-1,0,1,m-1: init-model,E
1753077157130581,-1,0,1,m-2: init-model,E
1753077157137893,-1,0,1,m-0: episode-0,B
1753077157141200,-1,0,1,m-1: episode-0,B
1753077157694980,-1,0,1,m-0: episode-0--samples-0,B
1753077167762917,-1,0,1,m-1: episode-0--samples-0,B
1753077188460401,-1,0,1,m-0: episode-0--samples-0,E
1753077188460845,-1,0,1,m-0: episode-0--samples-1,B
1753077205057776,-1,0,1,m-1: episode-0--samples-0,E
1753077205058188,-1,0,1,m-1: episode-0--samples-1,B
1753077215564212,-1,0,1,m-0: episode-0--samples-1,E
1753077215564872,-1,0,1,m-0: episode-0--samples-2,B
1753077225328412,-1,0,1,m-1: episode-0--samples-1,E
1753077225328951,-1,0,1,m-1: episode-0--samples-2,B
1753077237760895,-1,0,1,m-0: episode-0--samples-2,E
1753077237761512,-1,0,1,m-0: episode-0--samples-3,B
1753077247846954,-1,0,1,m-1: episode-0--samples-2,E
1753077247847355,-1,0,1,m-1: episode-0--samples-3,B
1753077257547948,-1,0,1,m-0: episode-0--samples-3,E
1753077257548492,-1,0,1,m-0: episode-0--samples-4,B
1753077270659933,-1,0,1,m-1: episode-0--samples-3,E
1753077270660577,-1,0,1,m-1: episode-0--samples-4,B
1753077280162687,-1,0,1,m-0: episode-0--samples-4,E
1753077280163688,-1,0,1,m-0: episode-0--samples-5,B
1753077292302613,-1,0,1,m-1: episode-0--samples-4,E
1753077292303375,-1,0,1,m-1: episode-0--samples-5,B
1753077302205820,-1,0,1,m-0: episode-0--samples-5,E
1753077302206548,-1,0,1,m-0: episode-0--samples-6,B
1753077314031989,-1,0,1,m-1: episode-0--samples-5,E
1753077314032437,-1,0,1,m-1: episode-0--samples-6,B
